<?xml version="1.0" encoding="UTF-8"?>
<robot generator="Robot 7.4.2 (Python 3.14.6 on darwin)" generated="2026-07-23T15:31:29.897023" rpa="false" schemaversion="5">
<suite id="s1" name="Horse" source="/Applications/RobotFramework/PJ_Horses/Horses/Horse.robot">
<test id="s1-t1" name="Go to Horses Page" line="6">
<kw name="Start Login With SuperAdmin" owner="resourses">
<kw name="Start on Webpage" owner="resourses">
<kw name="Open Browser" owner="SeleniumLibrary">
<msg time="2026-07-23T15:31:30.143219" level="INFO">Opening browser 'chrome' to base url 'https://product.d.tlogical.com/'.</msg>
<arg>${URL}</arg>
<arg>${BROWSER}</arg>
<doc>Opens a new browser instance to the optional ``url``.</doc>
<status status="PASS" start="2026-07-23T15:31:30.143020" elapsed="2.587191"/>
</kw>
<kw name="Maximize Browser Window" owner="SeleniumLibrary">
<doc>Maximizes current browser window.</doc>
<status status="PASS" start="2026-07-23T15:31:32.730650" elapsed="0.439251"/>
</kw>
<kw name="Title Should Be" owner="SeleniumLibrary">
<msg time="2026-07-23T15:31:33.173037" level="INFO">Page title is 'Equora'.</msg>
<arg>Equora</arg>
<doc>Verifies that the current page title equals ``title``.</doc>
<status status="PASS" start="2026-07-23T15:31:33.170074" elapsed="0.003042"/>
</kw>
<kw name="Wait Until Element Is Visible" owner="SeleniumLibrary">
<arg>id=section-1</arg>
<doc>Waits until the element ``locator`` is visible.</doc>
<status status="PASS" start="2026-07-23T15:31:33.173246" elapsed="0.012211"/>
</kw>
<for flavor="IN RANGE">
<iter>
<kw name="Element Should Be Visible" owner="SeleniumLibrary">
<msg time="2026-07-23T15:31:33.192990" level="INFO">Element 'id=section-1' is displayed.</msg>
<arg>id=section-${i}</arg>
<doc>Verifies that the element identified by ``locator`` is visible.</doc>
<status status="PASS" start="2026-07-23T15:31:33.186068" elapsed="0.006994"/>
</kw>
<var name="${i}">1</var>
<status status="PASS" start="2026-07-23T15:31:33.185934" elapsed="0.007183"/>
</iter>
<iter>
<kw name="Element Should Be Visible" owner="SeleniumLibrary">
<msg time="2026-07-23T15:31:33.202444" level="INFO">Element 'id=section-2' is displayed.</msg>
<arg>id=section-${i}</arg>
<doc>Verifies that the element identified by ``locator`` is visible.</doc>
<status status="PASS" start="2026-07-23T15:31:33.193344" elapsed="0.009170"/>
</kw>
<var name="${i}">2</var>
<status status="PASS" start="2026-07-23T15:31:33.193246" elapsed="0.009320"/>
</iter>
<iter>
<kw name="Element Should Be Visible" owner="SeleniumLibrary">
<msg time="2026-07-23T15:31:33.211371" level="INFO">Element 'id=section-3' is displayed.</msg>
<arg>id=section-${i}</arg>
<doc>Verifies that the element identified by ``locator`` is visible.</doc>
<status status="PASS" start="2026-07-23T15:31:33.202779" elapsed="0.008664"/>
</kw>
<var name="${i}">3</var>
<status status="PASS" start="2026-07-23T15:31:33.202683" elapsed="0.008812"/>
</iter>
<var>${i}</var>
<value>1</value>
<value>4</value>
<status status="PASS" start="2026-07-23T15:31:33.185610" elapsed="0.025930"/>
</for>
<kw name="Click Link" owner="SeleniumLibrary">
<msg time="2026-07-23T15:31:33.211857" level="INFO">Clicking link 'Login'.</msg>
<arg>Login</arg>
<doc>Clicks a link identified by ``locator``.</doc>
<status status="PASS" start="2026-07-23T15:31:33.211684" elapsed="0.044081"/>
</kw>
<status status="PASS" start="2026-07-23T15:31:30.142473" elapsed="3.113477"/>
</kw>
<kw name="Wait Until Element Is Enabled" owner="SeleniumLibrary">
<arg>name=email</arg>
<doc>Waits until the element ``locator`` is enabled.</doc>
<status status="PASS" start="2026-07-23T15:31:33.256099" elapsed="0.024050"/>
</kw>
<kw name="Input Text" owner="SeleniumLibrary">
<msg time="2026-07-23T15:31:33.280522" level="INFO">Typing text 'superadmin@tlogical.com' into text field 'name=email'.</msg>
<arg>name=email</arg>
<arg>superadmin@tlogical.com</arg>
<doc>Types the given ``text`` into the text field identified by ``locator``.</doc>
<status status="PASS" start="2026-07-23T15:31:33.280310" elapsed="0.123936"/>
</kw>
<kw name="Input Password" owner="SeleniumLibrary">
<msg time="2026-07-23T15:31:33.404612" level="INFO">Typing password into text field 'name=password'.</msg>
<msg time="2026-07-23T15:31:33.421835" level="INFO">Temporally setting log level to: NONE</msg>
<arg>name=password</arg>
<arg>a</arg>
<doc>Types the given password into the text field identified by ``locator``.</doc>
<status status="PASS" start="2026-07-23T15:31:33.404402" elapsed="0.038886"/>
</kw>
<kw name="Click Button" owner="SeleniumLibrary">
<msg time="2026-07-23T15:31:33.443635" level="INFO">Clicking button 'xpath=//button[normalize-space()='Login']'.</msg>
<arg>xpath=//button[normalize-space()='Login']</arg>
<doc>Clicks the button identified by ``locator``.</doc>
<status status="PASS" start="2026-07-23T15:31:33.443439" elapsed="0.050147"/>
</kw>
<status status="PASS" start="2026-07-23T15:31:30.142149" elapsed="3.351556"/>
</kw>
<kw name="Redirect to Dashboard" owner="resourses">
<kw name="Wait Until Location Is" owner="SeleniumLibrary">
<arg>${URL}combined/dashboard</arg>
<doc>Waits until the current URL is ``expected``.</doc>
<status status="PASS" start="2026-07-23T15:31:33.494407" elapsed="0.416264"/>
</kw>
<status status="PASS" start="2026-07-23T15:31:33.494030" elapsed="0.416770"/>
</kw>
<kw name="Click Horse Menu" owner="resourses">
<kw name="Wait Until Element Is Visible" owner="SeleniumLibrary">
<arg>xpath=//a[@href='/combined/horses']</arg>
<doc>Waits until the element ``locator`` is visible.</doc>
<status status="PASS" start="2026-07-23T15:31:33.911337" elapsed="0.009745"/>
</kw>
<kw name="Click Element" owner="SeleniumLibrary">
<msg time="2026-07-23T15:31:33.921422" level="INFO">Clicking element 'xpath=//a[@href='/combined/horses']'.</msg>
<arg>xpath=//a[@href='/combined/horses']</arg>
<doc>Click the element identified by ``locator``.</doc>
<status status="PASS" start="2026-07-23T15:31:33.921225" elapsed="0.055690"/>
</kw>
<status status="PASS" start="2026-07-23T15:31:33.911065" elapsed="0.065956"/>
</kw>
<kw name="Wait Main Page Visible" owner="resourses">
<kw name="Wait Until Location Contains" owner="SeleniumLibrary">
<arg>/combined/horses</arg>
<doc>Waits until the current URL contains ``expected``.</doc>
<status status="PASS" start="2026-07-23T15:31:33.977469" elapsed="0.038357"/>
</kw>
<kw name="Wait Until Element Is Visible" owner="SeleniumLibrary">
<arg>//button[normalize-space()='+ Add Horses']</arg>
<doc>Waits until the element ``locator`` is visible.</doc>
<status status="PASS" start="2026-07-23T15:31:34.015980" elapsed="0.010314"/>
</kw>
<status status="PASS" start="2026-07-23T15:31:33.977233" elapsed="0.049159"/>
</kw>
<kw name="Click Add Horses Button" owner="resourses">
<kw name="Click Element" owner="SeleniumLibrary">
<msg time="2026-07-23T15:31:34.027003" level="INFO">Clicking element '//button[normalize-space()='+ Add Horses']'.</msg>
<arg>//button[normalize-space()='+ Add Horses']</arg>
<doc>Click the element identified by ``locator``.</doc>
<status status="PASS" start="2026-07-23T15:31:34.026811" elapsed="0.071395"/>
</kw>
<status status="PASS" start="2026-07-23T15:31:34.026579" elapsed="0.071723"/>
</kw>
<kw name="Wait For Basic Section Visible" owner="resourses">
<kw name="Wait Until Location Is" owner="SeleniumLibrary">
<arg>${URL}combined/horses/add</arg>
<doc>Waits until the current URL is ``expected``.</doc>
<status status="PASS" start="2026-07-23T15:31:34.098720" elapsed="0.051404"/>
</kw>
<kw name="Wait Until Element Is Visible" owner="SeleniumLibrary">
<arg>${SECTION_BASIC}</arg>
<arg>timeout=10s</arg>
<doc>Waits until the element ``locator`` is visible.</doc>
<status status="PASS" start="2026-07-23T15:31:34.150331" elapsed="0.014670"/>
</kw>
<status status="PASS" start="2026-07-23T15:31:34.098496" elapsed="0.066598"/>
</kw>
<kw name="Wait And Select Ant Dropdown" owner="resourses">
<kw name="Wait Until Element Is Visible" owner="SeleniumLibrary">
<arg>${locator}</arg>
<doc>Waits until the element ``locator`` is visible.</doc>
<status status="PASS" start="2026-07-23T15:31:34.165598" elapsed="0.010119"/>
</kw>
<kw name="Wait Until Element Is Enabled" owner="SeleniumLibrary">
<arg>${locator}</arg>
<doc>Waits until the element ``locator`` is enabled.</doc>
<status status="PASS" start="2026-07-23T15:31:34.175860" elapsed="0.009115"/>
</kw>
<kw name="Scroll Element Into View" owner="SeleniumLibrary">
<arg>${locator}</arg>
<doc>Scrolls the element identified by ``locator`` into view.</doc>
<status status="PASS" start="2026-07-23T15:31:34.185144" elapsed="0.278295"/>
</kw>
<kw name="Click Element" owner="SeleniumLibrary">
<msg time="2026-07-23T15:31:34.464117" level="INFO">Clicking element 'xpath=//label[.//span[normalize-space(.)="Type"]]/preceding-sibling::div[contains(@class,"ant-select")]//div[contains(@class,"ant-select-selector")]'.</msg>
<arg>${locator}</arg>
<doc>Click the element identified by ``locator``.</doc>
<status status="PASS" start="2026-07-23T15:31:34.463711" elapsed="0.039256"/>
</kw>
<kw name="Wait Until Element Is Visible" owner="SeleniumLibrary">
<arg>xpath=//div[contains(@class,'ant-select-dropdown') and not(contains(@class,'ant-select-dropdown-hidden'))]</arg>
<doc>Waits until the element ``locator`` is visible.</doc>
<status status="PASS" start="2026-07-23T15:31:34.503114" elapsed="0.220915"/>
</kw>
<kw name="Click Element" owner="SeleniumLibrary">
<msg time="2026-07-23T15:31:34.724412" level="INFO">Clicking element 'xpath=(//div[contains(@class,'ant-select-dropdown') and not(contains(@class,'ant-select-dropdown-hidden'))]//div[contains(@class,'ant-select-item-option') and @title='Horse'])[last()]'.</msg>
<arg>xpath=(//div[contains(@class,'ant-select-dropdown') and not(contains(@class,'ant-select-dropdown-hidden'))]//div[contains(@class,'ant-select-item-option') and @title='${option}'])[last()]</arg>
<doc>Click the element identified by ``locator``.</doc>
<status status="PASS" start="2026-07-23T15:31:34.724173" elapsed="0.041594"/>
</kw>
<arg>${BASIC_TYPE}</arg>
<arg>Horse</arg>
<status status="PASS" start="2026-07-23T15:31:34.165319" elapsed="0.600546"/>
</kw>
<kw name="Verify Input Text Must Not Contain Thai And Special Characters" owner="resourses">
<kw name="Wait Until Element Is Visible" owner="SeleniumLibrary">
<arg>${FIELD_LOCATOR}</arg>
<arg>timeout=10s</arg>
<doc>Waits until the element ``locator`` is visible.</doc>
<status status="PASS" start="2026-07-23T15:31:34.766452" elapsed="0.009658"/>
</kw>
<kw name="Input Text" owner="SeleniumLibrary">
<msg time="2026-07-23T15:31:34.776505" level="INFO">Typing text 'ทดสอบABC123!@#$%^&amp;*()' into text field 'name=originalName'.</msg>
<arg>${FIELD_LOCATOR}</arg>
<arg>${INPUT_VALUES}</arg>
<doc>Types the given ``text`` into the text field identified by ``locator``.</doc>
<status status="PASS" start="2026-07-23T15:31:34.776258" elapsed="0.177039"/>
</kw>
<kw name="Field Value Should Not Contain Special Characters" owner="resourses">
<kw name="Get Value" owner="SeleniumLibrary">
<msg time="2026-07-23T15:31:34.962380" level="INFO">${ACTUAL_VALUE} = ABC123</msg>
<var>${ACTUAL_VALUE}</var>
<arg>${FIELD_LOCATOR}</arg>
<doc>Returns the value attribute of the element identified by ``locator``.</doc>
<status status="PASS" start="2026-07-23T15:31:34.953823" elapsed="0.008630"/>
</kw>
<kw name="Should Not Match Regexp" owner="BuiltIn">
<arg>${ACTUAL_VALUE}</arg>
<arg>${SPECIAL_CHAR_PATTERN}</arg>
<arg>msg=Field ${FIELD_NAME} พบอักขระพิเศษหลงเหลือใน field ซึ่งไม่ควรเกิดขึ้น: ${ACTUAL_VALUE}</arg>
<doc>Fails if ``string`` matches ``pattern`` as a regular expression.</doc>
<status status="PASS" start="2026-07-23T15:31:34.962720" elapsed="0.001064"/>
</kw>
<kw name="Log" owner="BuiltIn">
<msg time="2026-07-23T15:31:34.964293" level="INFO">ค่าที่กรอกได้จริงในช่อง: ABC123</msg>
<arg>ค่าที่กรอกได้จริงในช่อง: ${ACTUAL_VALUE}</arg>
<doc>Logs the given message with the given level.</doc>
<status status="PASS" start="2026-07-23T15:31:34.963946" elapsed="0.000416"/>
</kw>
<arg>${FIELD_LOCATOR}</arg>
<arg>${INPUT_VALUES}</arg>
<arg>${EXPECTED_VALUE}</arg>
<arg>${FIELD_NAME}</arg>
<status status="PASS" start="2026-07-23T15:31:34.953489" elapsed="0.010962"/>
</kw>
<kw name="Field Value Should Not Contain Thai Characters" owner="resourses">
<kw name="Get Value" owner="SeleniumLibrary">
<msg time="2026-07-23T15:31:34.971393" level="INFO">${ACTUAL_VALUE} = ABC123</msg>
<var>${ACTUAL_VALUE}</var>
<arg>${FIELD_LOCATOR}</arg>
<doc>Returns the value attribute of the element identified by ``locator``.</doc>
<status status="PASS" start="2026-07-23T15:31:34.965083" elapsed="0.006345"/>
</kw>
<kw name="Should Not Match Regexp" owner="BuiltIn">
<arg>${ACTUAL_VALUE}</arg>
<arg>${THAI_CHAR_PATTERN}</arg>
<arg>msg=Field ${FIELD_NAME} พบภาษาไทยหลงเหลือใน field ซึ่งไม่ควรเกิดขึ้น: ${ACTUAL_VALUE}</arg>
<doc>Fails if ``string`` matches ``pattern`` as a regular expression.</doc>
<status status="PASS" start="2026-07-23T15:31:34.971545" elapsed="0.000428"/>
</kw>
<kw name="Log" owner="BuiltIn">
<msg time="2026-07-23T15:31:34.972305" level="INFO">ค่าที่กรอกได้จริงในช่อง: ABC123</msg>
<arg>ค่าที่กรอกได้จริงในช่อง: ${ACTUAL_VALUE}</arg>
<doc>Logs the given message with the given level.</doc>
<status status="PASS" start="2026-07-23T15:31:34.972084" elapsed="0.000265"/>
</kw>
<arg>${FIELD_LOCATOR}</arg>
<arg>${INPUT_VALUES}</arg>
<arg>${EXPECTED_VALUE}</arg>
<arg>${FIELD_NAME}</arg>
<status status="PASS" start="2026-07-23T15:31:34.964640" elapsed="0.007771"/>
</kw>
<kw name="Field Value Should Be Equal To Expected" owner="resourses">
<kw name="Get Value" owner="SeleniumLibrary">
<msg time="2026-07-23T15:31:34.980380" level="INFO">${ACTUAL_VALUE} = ABC123</msg>
<var>${ACTUAL_VALUE}</var>
<arg>${FIELD_LOCATOR}</arg>
<doc>Returns the value attribute of the element identified by ``locator``.</doc>
<status status="PASS" start="2026-07-23T15:31:34.972859" elapsed="0.007558"/>
</kw>
<kw name="Should Be Equal As Strings" owner="BuiltIn">
<arg>${ACTUAL_VALUE}</arg>
<arg>${EXPECTED_VALUE}</arg>
<arg>msg=Field ${FIELD_NAME} ค่าที่เหลือใน field ไม่ตรงกับที่คาดหวัง | Actual: ${ACTUAL_VALUE} | Expected: ${EXPECTED_VALUE}</arg>
<doc>Fails if objects are unequal after converting them to strings.</doc>
<status status="PASS" start="2026-07-23T15:31:34.980560" elapsed="0.000420"/>
</kw>
<arg>${FIELD_LOCATOR}</arg>
<arg>${INPUT_VALUES}</arg>
<arg>${EXPECTED_VALUE}</arg>
<arg>${FIELD_NAME}</arg>
<status status="PASS" start="2026-07-23T15:31:34.972550" elapsed="0.008502"/>
</kw>
<arg>${ORIGINAL_NAME}</arg>
<arg>${INPUT_VALUE}</arg>
<arg>${EXPECTED_VALUE}</arg>
<arg>OriginalName</arg>
<status status="PASS" start="2026-07-23T15:31:34.766088" elapsed="0.215026"/>
</kw>
<kw name="Verify Input Text Must Not Contain Special Characters" owner="resourses">
<kw name="Wait Until Element Is Visible" owner="SeleniumLibrary">
<arg>${FIELD_LOCATOR}</arg>
<arg>timeout=10s</arg>
<doc>Waits until the element ``locator`` is visible.</doc>
<status status="PASS" start="2026-07-23T15:31:34.981621" elapsed="0.011744"/>
</kw>
<kw name="Input Text" owner="SeleniumLibrary">
<msg time="2026-07-23T15:31:34.993759" level="INFO">Typing text 'ทดสอบABC123!@#$%^&amp;*()' into text field 'name=localName'.</msg>
<arg>${FIELD_LOCATOR}</arg>
<arg>${INPUT_VALUE}</arg>
<doc>Types the given ``text`` into the text field identified by ``locator``.</doc>
<status status="PASS" start="2026-07-23T15:31:34.993514" elapsed="0.157218"/>
</kw>
<kw name="Field Value Should Not Contain Special Characters" owner="resourses">
<kw name="Get Value" owner="SeleniumLibrary">
<msg time="2026-07-23T15:31:35.158712" level="INFO">${ACTUAL_VALUE} = ทดสอบABC123</msg>
<var>${ACTUAL_VALUE}</var>
<arg>${FIELD_LOCATOR}</arg>
<doc>Returns the value attribute of the element identified by ``locator``.</doc>
<status status="PASS" start="2026-07-23T15:31:35.151265" elapsed="0.007486"/>
</kw>
<kw name="Should Not Match Regexp" owner="BuiltIn">
<arg>${ACTUAL_VALUE}</arg>
<arg>${SPECIAL_CHAR_PATTERN}</arg>
<arg>msg=Field ${FIELD_NAME} พบอักขระพิเศษหลงเหลือใน field ซึ่งไม่ควรเกิดขึ้น: ${ACTUAL_VALUE}</arg>
<doc>Fails if ``string`` matches ``pattern`` as a regular expression.</doc>
<status status="PASS" start="2026-07-23T15:31:35.158880" elapsed="0.000386"/>
</kw>
<kw name="Log" owner="BuiltIn">
<msg time="2026-07-23T15:31:35.159618" level="INFO">ค่าที่กรอกได้จริงในช่อง: ทดสอบABC123</msg>
<arg>ค่าที่กรอกได้จริงในช่อง: ${ACTUAL_VALUE}</arg>
<doc>Logs the given message with the given level.</doc>
<status status="PASS" start="2026-07-23T15:31:35.159397" elapsed="0.000264"/>
</kw>
<arg>${FIELD_LOCATOR}</arg>
<arg>${INPUT_VALUE}</arg>
<arg>${EXPECTED_VALUE}</arg>
<arg>${FIELD_NAME}</arg>
<status status="PASS" start="2026-07-23T15:31:35.150929" elapsed="0.008796"/>
</kw>
<kw name="Field Value Should Be Equal To Expected" owner="resourses">
<kw name="Get Value" owner="SeleniumLibrary">
<msg time="2026-07-23T15:31:35.166112" level="INFO">${ACTUAL_VALUE} = ทดสอบABC123</msg>
<var>${ACTUAL_VALUE}</var>
<arg>${FIELD_LOCATOR}</arg>
<doc>Returns the value attribute of the element identified by ``locator``.</doc>
<status status="PASS" start="2026-07-23T15:31:35.160142" elapsed="0.006008"/>
</kw>
<kw name="Should Be Equal As Strings" owner="BuiltIn">
<arg>${ACTUAL_VALUE}</arg>
<arg>${EXPECTED_VALUE}</arg>
<arg>msg=Field ${FIELD_NAME} ค่าที่เหลือใน field ไม่ตรงกับที่คาดหวัง | Actual: ${ACTUAL_VALUE} | Expected: ${EXPECTED_VALUE}</arg>
<doc>Fails if objects are unequal after converting them to strings.</doc>
<status status="PASS" start="2026-07-23T15:31:35.166273" elapsed="0.000420"/>
</kw>
<arg>${FIELD_LOCATOR}</arg>
<arg>${INPUT_VALUE}</arg>
<arg>${EXPECTED_VALUE}</arg>
<arg>${FIELD_NAME}</arg>
<status status="PASS" start="2026-07-23T15:31:35.159851" elapsed="0.006914"/>
</kw>
<arg>${LOCAL_NAME}</arg>
<arg>${INPUT_VALUE}</arg>
<arg>ทดสอบ${EXPECTED_VALUE}</arg>
<arg>LocalName</arg>
<status status="PASS" start="2026-07-23T15:31:34.981296" elapsed="0.185528"/>
</kw>
<kw name="Wait And Select Ant Dropdown" owner="resourses">
<kw name="Wait Until Element Is Visible" owner="SeleniumLibrary">
<arg>${locator}</arg>
<doc>Waits until the element ``locator`` is visible.</doc>
<status status="PASS" start="2026-07-23T15:31:35.167268" elapsed="0.009924"/>
</kw>
<kw name="Wait Until Element Is Enabled" owner="SeleniumLibrary">
<arg>${locator}</arg>
<doc>Waits until the element ``locator`` is enabled.</doc>
<status status="PASS" start="2026-07-23T15:31:35.177333" elapsed="0.009468"/>
</kw>
<kw name="Scroll Element Into View" owner="SeleniumLibrary">
<arg>${locator}</arg>
<doc>Scrolls the element identified by ``locator`` into view.</doc>
<status status="PASS" start="2026-07-23T15:31:35.186941" elapsed="0.275772"/>
</kw>
<kw name="Click Element" owner="SeleniumLibrary">
<msg time="2026-07-23T15:31:35.463372" level="INFO">Clicking element 'xpath=//label[.//span[normalize-space(.)="Gender"]]/preceding-sibling::div[contains(@class,"ant-select")]//div[contains(@class,"ant-select-selector")]'.</msg>
<arg>${locator}</arg>
<doc>Click the element identified by ``locator``.</doc>
<status status="PASS" start="2026-07-23T15:31:35.462974" elapsed="0.034346"/>
</kw>
<kw name="Wait Until Element Is Visible" owner="SeleniumLibrary">
<arg>xpath=//div[contains(@class,'ant-select-dropdown') and not(contains(@class,'ant-select-dropdown-hidden'))]</arg>
<doc>Waits until the element ``locator`` is visible.</doc>
<status status="PASS" start="2026-07-23T15:31:35.497465" elapsed="0.217730"/>
</kw>
<kw name="Click Element" owner="SeleniumLibrary">
<msg time="2026-07-23T15:31:35.715578" level="INFO">Clicking element 'xpath=(//div[contains(@class,'ant-select-dropdown') and not(contains(@class,'ant-select-dropdown-hidden'))]//div[contains(@class,'ant-select-item-option') and @title='Gelding'])[last()]'.</msg>
<arg>xpath=(//div[contains(@class,'ant-select-dropdown') and not(contains(@class,'ant-select-dropdown-hidden'))]//div[contains(@class,'ant-select-item-option') and @title='${option}'])[last()]</arg>
<doc>Click the element identified by ``locator``.</doc>
<status status="PASS" start="2026-07-23T15:31:35.715340" elapsed="0.036887"/>
</kw>
<arg>${GENDER}</arg>
<arg>Gelding</arg>
<status status="PASS" start="2026-07-23T15:31:35.167034" elapsed="0.585291"/>
</kw>
<kw name="Wait And Select Ant Dropdown" owner="resourses">
<kw name="Wait Until Element Is Visible" owner="SeleniumLibrary">
<arg>${locator}</arg>
<doc>Waits until the element ``locator`` is visible.</doc>
<status status="PASS" start="2026-07-23T15:31:35.752816" elapsed="0.010829"/>
</kw>
<kw name="Wait Until Element Is Enabled" owner="SeleniumLibrary">
<arg>${locator}</arg>
<doc>Waits until the element ``locator`` is enabled.</doc>
<status status="PASS" start="2026-07-23T15:31:35.763786" elapsed="0.009459"/>
</kw>
<kw name="Scroll Element Into View" owner="SeleniumLibrary">
<arg>${locator}</arg>
<doc>Scrolls the element identified by ``locator`` into view.</doc>
<status status="PASS" start="2026-07-23T15:31:35.773398" elapsed="0.269891"/>
</kw>
<kw name="Click Element" owner="SeleniumLibrary">
<msg time="2026-07-23T15:31:36.043652" level="INFO">Clicking element 'xpath=//label[.//span[normalize-space(.)="Country Of Birth"]]/preceding-sibling::div[contains(@class,"ant-select")]//div[contains(@class,"ant-select-selector")]'.</msg>
<arg>${locator}</arg>
<doc>Click the element identified by ``locator``.</doc>
<status status="PASS" start="2026-07-23T15:31:36.043437" elapsed="0.038641"/>
</kw>
<kw name="Wait Until Element Is Visible" owner="SeleniumLibrary">
<arg>xpath=//div[contains(@class,'ant-select-dropdown') and not(contains(@class,'ant-select-dropdown-hidden'))]</arg>
<doc>Waits until the element ``locator`` is visible.</doc>
<status status="PASS" start="2026-07-23T15:31:36.082245" elapsed="0.217921"/>
</kw>
<kw name="Click Element" owner="SeleniumLibrary">
<msg time="2026-07-23T15:31:36.300553" level="INFO">Clicking element 'xpath=(//div[contains(@class,'ant-select-dropdown') and not(contains(@class,'ant-select-dropdown-hidden'))]//div[contains(@class,'ant-select-item-option') and @title='Thailand'])[last()]'.</msg>
<arg>xpath=(//div[contains(@class,'ant-select-dropdown') and not(contains(@class,'ant-select-dropdown-hidden'))]//div[contains(@class,'ant-select-item-option') and @title='${option}'])[last()]</arg>
<doc>Click the element identified by ``locator``.</doc>
<status status="PASS" start="2026-07-23T15:31:36.300312" elapsed="0.038244"/>
</kw>
<arg>${COUNTRY_OF_BIRTH}</arg>
<arg>Thailand</arg>
<status status="PASS" start="2026-07-23T15:31:35.752543" elapsed="0.586107"/>
</kw>
<kw name="Wait And Select Ant Dropdown" owner="resourses">
<kw name="Wait Until Element Is Visible" owner="SeleniumLibrary">
<arg>${locator}</arg>
<doc>Waits until the element ``locator`` is visible.</doc>
<status status="PASS" start="2026-07-23T15:31:36.339122" elapsed="0.012012"/>
</kw>
<kw name="Wait Until Element Is Enabled" owner="SeleniumLibrary">
<arg>${locator}</arg>
<doc>Waits until the element ``locator`` is enabled.</doc>
<status status="PASS" start="2026-07-23T15:31:36.351279" elapsed="0.009529"/>
</kw>
<kw name="Scroll Element Into View" owner="SeleniumLibrary">
<arg>${locator}</arg>
<doc>Scrolls the element identified by ``locator`` into view.</doc>
<status status="PASS" start="2026-07-23T15:31:36.360945" elapsed="0.270793"/>
</kw>
<kw name="Click Element" owner="SeleniumLibrary">
<msg time="2026-07-23T15:31:36.632484" level="INFO">Clicking element 'xpath=//label[.//span[normalize-space(.)="Breed"]]/preceding-sibling::div[contains(@class,"ant-select")]//div[contains(@class,"ant-select-selector")]'.</msg>
<arg>${locator}</arg>
<doc>Click the element identified by ``locator``.</doc>
<status status="PASS" start="2026-07-23T15:31:36.632006" elapsed="0.037915"/>
</kw>
<kw name="Wait Until Element Is Visible" owner="SeleniumLibrary">
<arg>xpath=//div[contains(@class,'ant-select-dropdown') and not(contains(@class,'ant-select-dropdown-hidden'))]</arg>
<doc>Waits until the element ``locator`` is visible.</doc>
<status status="PASS" start="2026-07-23T15:31:36.670065" elapsed="0.221416"/>
</kw>
<kw name="Click Element" owner="SeleniumLibrary">
<msg time="2026-07-23T15:31:36.891883" level="INFO">Clicking element 'xpath=(//div[contains(@class,'ant-select-dropdown') and not(contains(@class,'ant-select-dropdown-hidden'))]//div[contains(@class,'ant-select-item-option') and @title='Warmblood'])[last()]'.</msg>
<arg>xpath=(//div[contains(@class,'ant-select-dropdown') and not(contains(@class,'ant-select-dropdown-hidden'))]//div[contains(@class,'ant-select-item-option') and @title='${option}'])[last()]</arg>
<doc>Click the element identified by ``locator``.</doc>
<status status="PASS" start="2026-07-23T15:31:36.891651" elapsed="0.038470"/>
</kw>
<arg>${BREED}</arg>
<arg>Warmblood</arg>
<status status="PASS" start="2026-07-23T15:31:36.338861" elapsed="0.591358"/>
</kw>
<kw name="Wait And Select Ant Dropdown" owner="resourses">
<kw name="Wait Until Element Is Visible" owner="SeleniumLibrary">
<arg>${locator}</arg>
<doc>Waits until the element ``locator`` is visible.</doc>
<status status="PASS" start="2026-07-23T15:31:36.930709" elapsed="0.009944"/>
</kw>
<kw name="Wait Until Element Is Enabled" owner="SeleniumLibrary">
<arg>${locator}</arg>
<doc>Waits until the element ``locator`` is enabled.</doc>
<status status="PASS" start="2026-07-23T15:31:36.940797" elapsed="0.010819"/>
</kw>
<kw name="Scroll Element Into View" owner="SeleniumLibrary">
<arg>${locator}</arg>
<doc>Scrolls the element identified by ``locator`` into view.</doc>
<status status="PASS" start="2026-07-23T15:31:36.951757" elapsed="0.274738"/>
</kw>
<kw name="Click Element" owner="SeleniumLibrary">
<msg time="2026-07-23T15:31:37.226905" level="INFO">Clicking element 'xpath=//label[.//span[normalize-space(.)="Studbook"]]/preceding-sibling::div[contains(@class,"ant-select")]//div[contains(@class,"ant-select-selector")]'.</msg>
<arg>${locator}</arg>
<doc>Click the element identified by ``locator``.</doc>
<status status="PASS" start="2026-07-23T15:31:37.226660" elapsed="0.039227"/>
</kw>
<kw name="Wait Until Element Is Visible" owner="SeleniumLibrary">
<arg>xpath=//div[contains(@class,'ant-select-dropdown') and not(contains(@class,'ant-select-dropdown-hidden'))]</arg>
<doc>Waits until the element ``locator`` is visible.</doc>
<status status="PASS" start="2026-07-23T15:31:37.266073" elapsed="0.216922"/>
</kw>
<kw name="Click Element" owner="SeleniumLibrary">
<msg time="2026-07-23T15:31:37.483422" level="INFO">Clicking element 'xpath=(//div[contains(@class,'ant-select-dropdown') and not(contains(@class,'ant-select-dropdown-hidden'))]//div[contains(@class,'ant-select-item-option') and @title='Hanoverian Studbook'])[last()]'.</msg>
<arg>xpath=(//div[contains(@class,'ant-select-dropdown') and not(contains(@class,'ant-select-dropdown-hidden'))]//div[contains(@class,'ant-select-item-option') and @title='${option}'])[last()]</arg>
<doc>Click the element identified by ``locator``.</doc>
<status status="PASS" start="2026-07-23T15:31:37.483142" elapsed="0.037492"/>
</kw>
<arg>${STUDBOOK}</arg>
<arg>Hanoverian Studbook</arg>
<status status="PASS" start="2026-07-23T15:31:36.930440" elapsed="0.590291"/>
</kw>
<kw name="Wait And Select Ant Dropdown" owner="resourses">
<kw name="Wait Until Element Is Visible" owner="SeleniumLibrary">
<arg>${locator}</arg>
<doc>Waits until the element ``locator`` is visible.</doc>
<status status="PASS" start="2026-07-23T15:31:37.521203" elapsed="0.010860"/>
</kw>
<kw name="Wait Until Element Is Enabled" owner="SeleniumLibrary">
<arg>${locator}</arg>
<doc>Waits until the element ``locator`` is enabled.</doc>
<status status="PASS" start="2026-07-23T15:31:37.532210" elapsed="0.011220"/>
</kw>
<kw name="Scroll Element Into View" owner="SeleniumLibrary">
<arg>${locator}</arg>
<doc>Scrolls the element identified by ``locator`` into view.</doc>
<status status="PASS" start="2026-07-23T15:31:37.543569" elapsed="0.267051"/>
</kw>
<kw name="Click Element" owner="SeleniumLibrary">
<msg time="2026-07-23T15:31:37.811280" level="INFO">Clicking element 'xpath=//label[.//span[normalize-space(.)="Color"]]/preceding-sibling::div[contains(@class,"ant-select")]//div[contains(@class,"ant-select-selector")]'.</msg>
<arg>${locator}</arg>
<doc>Click the element identified by ``locator``.</doc>
<status status="PASS" start="2026-07-23T15:31:37.810881" elapsed="0.039612"/>
</kw>
<kw name="Wait Until Element Is Visible" owner="SeleniumLibrary">
<arg>xpath=//div[contains(@class,'ant-select-dropdown') and not(contains(@class,'ant-select-dropdown-hidden'))]</arg>
<doc>Waits until the element ``locator`` is visible.</doc>
<status status="PASS" start="2026-07-23T15:31:37.850639" elapsed="0.220889"/>
</kw>
<kw name="Click Element" owner="SeleniumLibrary">
<msg time="2026-07-23T15:31:38.071913" level="INFO">Clicking element 'xpath=(//div[contains(@class,'ant-select-dropdown') and not(contains(@class,'ant-select-dropdown-hidden'))]//div[contains(@class,'ant-select-item-option') and @title='Bay'])[last()]'.</msg>
<arg>xpath=(//div[contains(@class,'ant-select-dropdown') and not(contains(@class,'ant-select-dropdown-hidden'))]//div[contains(@class,'ant-select-item-option') and @title='${option}'])[last()]</arg>
<doc>Click the element identified by ``locator``.</doc>
<status status="PASS" start="2026-07-23T15:31:38.071676" elapsed="0.039497"/>
</kw>
<arg>${COLOR}</arg>
<arg>Bay</arg>
<status status="PASS" start="2026-07-23T15:31:37.520934" elapsed="0.590343"/>
</kw>
<kw name="Verify Height Field Rejects Value Exceeding Maximum" owner="resourses">
<kw name="Wait Until Element Is Visible" owner="SeleniumLibrary">
<arg>${HEIGHT}</arg>
<doc>Waits until the element ``locator`` is visible.</doc>
<status status="PASS" start="2026-07-23T15:31:38.111844" elapsed="0.009376"/>
</kw>
<kw name="Input Text" owner="SeleniumLibrary">
<msg time="2026-07-23T15:31:38.121596" level="INFO">Typing text '300' into text field 'name=height'.</msg>
<arg>${HEIGHT}</arg>
<arg>${VALUE_HEIGHT}</arg>
<doc>Types the given ``text`` into the text field identified by ``locator``.</doc>
<status status="PASS" start="2026-07-23T15:31:38.121359" elapsed="0.058296"/>
</kw>
<kw name="Get Value" owner="SeleniumLibrary">
<msg time="2026-07-23T15:31:38.186012" level="INFO">${ACTUAL_VALUE} = 300</msg>
<var>${ACTUAL_VALUE}</var>
<arg>${HEIGHT}</arg>
<doc>Returns the value attribute of the element identified by ``locator``.</doc>
<status status="PASS" start="2026-07-23T15:31:38.179802" elapsed="0.006247"/>
</kw>
<kw name="Should Not Be Equal As Strings" owner="BuiltIn">
<arg>${ACTUAL_VALUE}</arg>
<arg>${MAX_HEIGHT}</arg>
<arg>msg=Field ${FIELD_NAME} ระบบยอมให้กรอกค่าเกิน max ได้ ซึ่งไม่ควรเกิดขึ้น!</arg>
<doc>Fails if objects are equal after converting them to strings.</doc>
<status status="PASS" start="2026-07-23T15:31:38.186181" elapsed="0.000377"/>
</kw>
<kw name="Log" owner="BuiltIn">
<msg time="2026-07-23T15:31:38.186881" level="INFO">ค่าที่กรอกได้จริงในช่อง: 300</msg>
<arg>ค่าที่กรอกได้จริงในช่อง: ${ACTUAL_VALUE}</arg>
<doc>Logs the given message with the given level.</doc>
<status status="PASS" start="2026-07-23T15:31:38.186661" elapsed="0.000263"/>
</kw>
<arg>300</arg>
<arg>Height</arg>
<status status="PASS" start="2026-07-23T15:31:38.111562" elapsed="0.075424"/>
</kw>
<kw name="Verify Input For Number Only Field" owner="resourses">
<kw name="Wait Until Element Is Visible" owner="SeleniumLibrary">
<arg>${FIELD_LOCATOR}</arg>
<arg>timeout=10s</arg>
<doc>Waits until the element ``locator`` is visible.</doc>
<status status="PASS" start="2026-07-23T15:31:38.187430" elapsed="0.010074"/>
</kw>
<kw name="Input Text" owner="SeleniumLibrary">
<msg time="2026-07-23T15:31:38.197893" level="INFO">Typing text 'ทดสอบABC123!@#$%^&amp;*()' into text field 'name=microchipNumber'.</msg>
<arg>${FIELD_LOCATOR}</arg>
<arg>${INPUT_VALUE}</arg>
<doc>Types the given ``text`` into the text field identified by ``locator``.</doc>
<status status="PASS" start="2026-07-23T15:31:38.197646" elapsed="0.177509"/>
</kw>
<kw name="Get Value" owner="SeleniumLibrary">
<msg time="2026-07-23T15:31:38.381608" level="INFO">${ACTUAL_VALUE} = 123</msg>
<var>${ACTUAL_VALUE}</var>
<arg>${FIELD_LOCATOR}</arg>
<doc>Returns the value attribute of the element identified by ``locator``.</doc>
<status status="PASS" start="2026-07-23T15:31:38.375328" elapsed="0.006315"/>
</kw>
<kw name="Should Not Match Regexp" owner="BuiltIn">
<arg>${ACTUAL_VALUE}</arg>
<arg>${NON_NUMERIC_PATTERN}</arg>
<arg>msg=Field ${FIELD_NAME} พบตัวอักษรที่ไม่ใช่ตัวเลขหลงเหลือใน field: ${ACTUAL_VALUE}</arg>
<doc>Fails if ``string`` matches ``pattern`` as a regular expression.</doc>
<status status="PASS" start="2026-07-23T15:31:38.381761" elapsed="0.000420"/>
</kw>
<arg>${MICROCHIP_NUMBER}</arg>
<arg>${INPUT_VALUE}</arg>
<arg>MicrochipNumber</arg>
<status status="PASS" start="2026-07-23T15:31:38.187160" elapsed="0.195097"/>
</kw>
<kw name="Verify Input Text Must Not Contain Special Characters" owner="resourses">
<kw name="Wait Until Element Is Visible" owner="SeleniumLibrary">
<arg>${FIELD_LOCATOR}</arg>
<arg>timeout=10s</arg>
<doc>Waits until the element ``locator`` is visible.</doc>
<status status="PASS" start="2026-07-23T15:31:38.382768" elapsed="0.009900"/>
</kw>
<kw name="Input Text" owner="SeleniumLibrary">
<msg time="2026-07-23T15:31:38.393057" level="INFO">Typing text 'ทดสอบABC123!@#$%^&amp;*()' into text field 'name=sire'.</msg>
<arg>${FIELD_LOCATOR}</arg>
<arg>${INPUT_VALUE}</arg>
<doc>Types the given ``text`` into the text field identified by ``locator``.</doc>
<status status="PASS" start="2026-07-23T15:31:38.392818" elapsed="0.157340"/>
</kw>
<kw name="Field Value Should Not Contain Special Characters" owner="resourses">
<kw name="Get Value" owner="SeleniumLibrary">
<msg time="2026-07-23T15:31:38.558710" level="INFO">${ACTUAL_VALUE} = ทดสอบABC123</msg>
<var>${ACTUAL_VALUE}</var>
<arg>${FIELD_LOCATOR}</arg>
<doc>Returns the value attribute of the element identified by ``locator``.</doc>
<status status="PASS" start="2026-07-23T15:31:38.551345" elapsed="0.007403"/>
</kw>
<kw name="Should Not Match Regexp" owner="BuiltIn">
<arg>${ACTUAL_VALUE}</arg>
<arg>${SPECIAL_CHAR_PATTERN}</arg>
<arg>msg=Field ${FIELD_NAME} พบอักขระพิเศษหลงเหลือใน field ซึ่งไม่ควรเกิดขึ้น: ${ACTUAL_VALUE}</arg>
<doc>Fails if ``string`` matches ``pattern`` as a regular expression.</doc>
<status status="PASS" start="2026-07-23T15:31:38.558872" elapsed="0.000378"/>
</kw>
<kw name="Log" owner="BuiltIn">
<msg time="2026-07-23T15:31:38.559572" level="INFO">ค่าที่กรอกได้จริงในช่อง: ทดสอบABC123</msg>
<arg>ค่าที่กรอกได้จริงในช่อง: ${ACTUAL_VALUE}</arg>
<doc>Logs the given message with the given level.</doc>
<status status="PASS" start="2026-07-23T15:31:38.559355" elapsed="0.000261"/>
</kw>
<arg>${FIELD_LOCATOR}</arg>
<arg>${INPUT_VALUE}</arg>
<arg>${EXPECTED_VALUE}</arg>
<arg>${FIELD_NAME}</arg>
<status status="PASS" start="2026-07-23T15:31:38.551006" elapsed="0.008671"/>
</kw>
<kw name="Field Value Should Be Equal To Expected" owner="resourses">
<kw name="Get Value" owner="SeleniumLibrary">
<msg time="2026-07-23T15:31:38.565859" level="INFO">${ACTUAL_VALUE} = ทดสอบABC123</msg>
<var>${ACTUAL_VALUE}</var>
<arg>${FIELD_LOCATOR}</arg>
<doc>Returns the value attribute of the element identified by ``locator``.</doc>
<status status="PASS" start="2026-07-23T15:31:38.560091" elapsed="0.005801"/>
</kw>
<kw name="Should Be Equal As Strings" owner="BuiltIn">
<arg>${ACTUAL_VALUE}</arg>
<arg>${EXPECTED_VALUE}</arg>
<arg>msg=Field ${FIELD_NAME} ค่าที่เหลือใน field ไม่ตรงกับที่คาดหวัง | Actual: ${ACTUAL_VALUE} | Expected: ${EXPECTED_VALUE}</arg>
<doc>Fails if objects are unequal after converting them to strings.</doc>
<status status="PASS" start="2026-07-23T15:31:38.565995" elapsed="0.000358"/>
</kw>
<arg>${FIELD_LOCATOR}</arg>
<arg>${INPUT_VALUE}</arg>
<arg>${EXPECTED_VALUE}</arg>
<arg>${FIELD_NAME}</arg>
<status status="PASS" start="2026-07-23T15:31:38.559802" elapsed="0.006620"/>
</kw>
<arg>${SIRE_NAME}</arg>
<arg>${INPUT_VALUE}</arg>
<arg>ทดสอบ${EXPECTED_VALUE}</arg>
<arg>SireName</arg>
<status status="PASS" start="2026-07-23T15:31:38.382436" elapsed="0.184043"/>
</kw>
<kw name="Verify Input Text Must Not Contain Special Characters" owner="resourses">
<kw name="Wait Until Element Is Visible" owner="SeleniumLibrary">
<arg>${FIELD_LOCATOR}</arg>
<arg>timeout=10s</arg>
<doc>Waits until the element ``locator`` is visible.</doc>
<status status="PASS" start="2026-07-23T15:31:38.566959" elapsed="0.009447"/>
</kw>
<kw name="Input Text" owner="SeleniumLibrary">
<msg time="2026-07-23T15:31:38.576791" level="INFO">Typing text 'ทดสอบABC123!@#$%^&amp;*()' into text field 'name=dame'.</msg>
<arg>${FIELD_LOCATOR}</arg>
<arg>${INPUT_VALUE}</arg>
<doc>Types the given ``text`` into the text field identified by ``locator``.</doc>
<status status="PASS" start="2026-07-23T15:31:38.576549" elapsed="0.149949"/>
</kw>
<kw name="Field Value Should Not Contain Special Characters" owner="resourses">
<kw name="Get Value" owner="SeleniumLibrary">
<msg time="2026-07-23T15:31:38.733177" level="INFO">${ACTUAL_VALUE} = ทดสอบABC123</msg>
<var>${ACTUAL_VALUE}</var>
<arg>${FIELD_LOCATOR}</arg>
<doc>Returns the value attribute of the element identified by ``locator``.</doc>
<status status="PASS" start="2026-07-23T15:31:38.727001" elapsed="0.006210"/>
</kw>
<kw name="Should Not Match Regexp" owner="BuiltIn">
<arg>${ACTUAL_VALUE}</arg>
<arg>${SPECIAL_CHAR_PATTERN}</arg>
<arg>msg=Field ${FIELD_NAME} พบอักขระพิเศษหลงเหลือใน field ซึ่งไม่ควรเกิดขึ้น: ${ACTUAL_VALUE}</arg>
<doc>Fails if ``string`` matches ``pattern`` as a regular expression.</doc>
<status status="PASS" start="2026-07-23T15:31:38.733320" elapsed="0.000359"/>
</kw>
<kw name="Log" owner="BuiltIn">
<msg time="2026-07-23T15:31:38.734012" level="INFO">ค่าที่กรอกได้จริงในช่อง: ทดสอบABC123</msg>
<arg>ค่าที่กรอกได้จริงในช่อง: ${ACTUAL_VALUE}</arg>
<doc>Logs the given message with the given level.</doc>
<status status="PASS" start="2026-07-23T15:31:38.733790" elapsed="0.000265"/>
</kw>
<arg>${FIELD_LOCATOR}</arg>
<arg>${INPUT_VALUE}</arg>
<arg>${EXPECTED_VALUE}</arg>
<arg>${FIELD_NAME}</arg>
<status status="PASS" start="2026-07-23T15:31:38.726682" elapsed="0.007433"/>
</kw>
<kw name="Field Value Should Be Equal To Expected" owner="resourses">
<kw name="Get Value" owner="SeleniumLibrary">
<msg time="2026-07-23T15:31:38.741493" level="INFO">${ACTUAL_VALUE} = ทดสอบABC123</msg>
<var>${ACTUAL_VALUE}</var>
<arg>${FIELD_LOCATOR}</arg>
<doc>Returns the value attribute of the element identified by ``locator``.</doc>
<status status="PASS" start="2026-07-23T15:31:38.734588" elapsed="0.006942"/>
</kw>
<kw name="Should Be Equal As Strings" owner="BuiltIn">
<arg>${ACTUAL_VALUE}</arg>
<arg>${EXPECTED_VALUE}</arg>
<arg>msg=Field ${FIELD_NAME} ค่าที่เหลือใน field ไม่ตรงกับที่คาดหวัง | Actual: ${ACTUAL_VALUE} | Expected: ${EXPECTED_VALUE}</arg>
<doc>Fails if objects are unequal after converting them to strings.</doc>
<status status="PASS" start="2026-07-23T15:31:38.741652" elapsed="0.000394"/>
</kw>
<arg>${FIELD_LOCATOR}</arg>
<arg>${INPUT_VALUE}</arg>
<arg>${EXPECTED_VALUE}</arg>
<arg>${FIELD_NAME}</arg>
<status status="PASS" start="2026-07-23T15:31:38.734241" elapsed="0.007877"/>
</kw>
<arg>${DAME_NAME}</arg>
<arg>${INPUT_VALUE}</arg>
<arg>ทดสอบ${EXPECTED_VALUE}</arg>
<arg>DameName</arg>
<status status="PASS" start="2026-07-23T15:31:38.566671" elapsed="0.175509"/>
</kw>
<kw name="Verify Input Text Must Not Contain Special Characters" owner="resourses">
<kw name="Wait Until Element Is Visible" owner="SeleniumLibrary">
<arg>${FIELD_LOCATOR}</arg>
<arg>timeout=10s</arg>
<doc>Waits until the element ``locator`` is visible.</doc>
<status status="PASS" start="2026-07-23T15:31:38.742657" elapsed="0.009151"/>
</kw>
<kw name="Input Text" owner="SeleniumLibrary">
<msg time="2026-07-23T15:31:38.752185" level="INFO">Typing text 'ทดสอบABC123!@#$%^&amp;*()' into text field 'name=breeder'.</msg>
<arg>${FIELD_LOCATOR}</arg>
<arg>${INPUT_VALUE}</arg>
<doc>Types the given ``text`` into the text field identified by ``locator``.</doc>
<status status="PASS" start="2026-07-23T15:31:38.751945" elapsed="0.147640"/>
</kw>
<kw name="Field Value Should Not Contain Special Characters" owner="resourses">
<kw name="Get Value" owner="SeleniumLibrary">
<msg time="2026-07-23T15:31:38.906252" level="INFO">${ACTUAL_VALUE} = ทดสอบABC123</msg>
<var>${ACTUAL_VALUE}</var>
<arg>${FIELD_LOCATOR}</arg>
<doc>Returns the value attribute of the element identified by ``locator``.</doc>
<status status="PASS" start="2026-07-23T15:31:38.900091" elapsed="0.006198"/>
</kw>
<kw name="Should Not Match Regexp" owner="BuiltIn">
<arg>${ACTUAL_VALUE}</arg>
<arg>${SPECIAL_CHAR_PATTERN}</arg>
<arg>msg=Field ${FIELD_NAME} พบอักขระพิเศษหลงเหลือใน field ซึ่งไม่ควรเกิดขึ้น: ${ACTUAL_VALUE}</arg>
<doc>Fails if ``string`` matches ``pattern`` as a regular expression.</doc>
<status status="PASS" start="2026-07-23T15:31:38.906405" elapsed="0.000370"/>
</kw>
<kw name="Log" owner="BuiltIn">
<msg time="2026-07-23T15:31:38.907102" level="INFO">ค่าที่กรอกได้จริงในช่อง: ทดสอบABC123</msg>
<arg>ค่าที่กรอกได้จริงในช่อง: ${ACTUAL_VALUE}</arg>
<doc>Logs the given message with the given level.</doc>
<status status="PASS" start="2026-07-23T15:31:38.906878" elapsed="0.000268"/>
</kw>
<arg>${FIELD_LOCATOR}</arg>
<arg>${INPUT_VALUE}</arg>
<arg>${EXPECTED_VALUE}</arg>
<arg>${FIELD_NAME}</arg>
<status status="PASS" start="2026-07-23T15:31:38.899767" elapsed="0.007444"/>
</kw>
<kw name="Field Value Should Be Equal To Expected" owner="resourses">
<kw name="Get Value" owner="SeleniumLibrary">
<msg time="2026-07-23T15:31:38.913840" level="INFO">${ACTUAL_VALUE} = ทดสอบABC123</msg>
<var>${ACTUAL_VALUE}</var>
<arg>${FIELD_LOCATOR}</arg>
<doc>Returns the value attribute of the element identified by ``locator``.</doc>
<status status="PASS" start="2026-07-23T15:31:38.907660" elapsed="0.006217"/>
</kw>
<kw name="Should Be Equal As Strings" owner="BuiltIn">
<arg>${ACTUAL_VALUE}</arg>
<arg>${EXPECTED_VALUE}</arg>
<arg>msg=Field ${FIELD_NAME} ค่าที่เหลือใน field ไม่ตรงกับที่คาดหวัง | Actual: ${ACTUAL_VALUE} | Expected: ${EXPECTED_VALUE}</arg>
<doc>Fails if objects are unequal after converting them to strings.</doc>
<status status="PASS" start="2026-07-23T15:31:38.913996" elapsed="0.000394"/>
</kw>
<arg>${FIELD_LOCATOR}</arg>
<arg>${INPUT_VALUE}</arg>
<arg>${EXPECTED_VALUE}</arg>
<arg>${FIELD_NAME}</arg>
<status status="PASS" start="2026-07-23T15:31:38.907348" elapsed="0.007111"/>
</kw>
<arg>${BREEDER}</arg>
<arg>${INPUT_VALUE}</arg>
<arg>ทดสอบ${EXPECTED_VALUE}</arg>
<arg>Breeder</arg>
<status status="PASS" start="2026-07-23T15:31:38.742365" elapsed="0.172154"/>
</kw>
<kw name="Check Required Passport Section" owner="resourses">
<kw name="Click Button" owner="SeleniumLibrary">
<msg time="2026-07-23T15:31:38.915064" level="INFO">Clicking button 'xpath=//button[normalize-space()='Add Passport']'.</msg>
<arg>${ADD_PASSPORT_BTN}</arg>
<doc>Clicks the button identified by ``locator``.</doc>
<status status="PASS" start="2026-07-23T15:31:38.914891" elapsed="0.047439"/>
</kw>
<kw name="Wait Until Element Is Visible" owner="SeleniumLibrary">
<arg>${REQUIRED_TYPE_PASSPORT}</arg>
<arg>timeout=10s</arg>
<doc>Waits until the element ``locator`` is visible.</doc>
<status status="PASS" start="2026-07-23T15:31:38.962478" elapsed="0.009771"/>
</kw>
<kw name="Element Should Be Visible" owner="SeleniumLibrary">
<msg time="2026-07-23T15:31:38.978987" level="INFO">Element 'xpath=//h3[normalize-space(.)="Passport"]/ancestor::div[contains(@class,"border-gray-200 rounded-xl")] //label[.//span[normalize-space(.)="Type"]]/following-sibling::p[contains(@class,"field-error-message") and normalize-space(.)="Required"]' is displayed.</msg>
<arg>${REQUIRED_TYPE_PASSPORT}</arg>
<doc>Verifies that the element identified by ``locator`` is visible.</doc>
<status status="PASS" start="2026-07-23T15:31:38.972394" elapsed="0.006670"/>
</kw>
<kw name="Wait Until Element Is Visible" owner="SeleniumLibrary">
<arg>${REQUIRED_COUNTRY_PASSPORT}</arg>
<arg>timeout=10s</arg>
<doc>Waits until the element ``locator`` is visible.</doc>
<status status="PASS" start="2026-07-23T15:31:38.979192" elapsed="0.008970"/>
</kw>
<kw name="Element Should Be Visible" owner="SeleniumLibrary">
<msg time="2026-07-23T15:31:38.995704" level="INFO">Element 'xpath=//h3[normalize-space(.)="Passport"]/ancestor::div[contains(@class,"border-gray-200 rounded-xl")] //label[.//span[normalize-space(.)="Country"]]/following-sibling::p[contains(@class,"text-red-500") and normalize-space(.)="Required"]' is displayed.</msg>
<arg>${REQUIRED_COUNTRY_PASSPORT}</arg>
<doc>Verifies that the element identified by ``locator`` is visible.</doc>
<status status="PASS" start="2026-07-23T15:31:38.988306" elapsed="0.007473"/>
</kw>
<kw name="Wait Until Element Is Visible" owner="SeleniumLibrary">
<arg>${REQUIRED_NUMBER_PASSPORT}</arg>
<arg>timeout=10s</arg>
<doc>Waits until the element ``locator`` is visible.</doc>
<status status="PASS" start="2026-07-23T15:31:38.995907" elapsed="0.008833"/>
</kw>
<kw name="Element Should Be Visible" owner="SeleniumLibrary">
<msg time="2026-07-23T15:31:39.012245" level="INFO">Element 'xpath=//h3[normalize-space(.)="Passport"]/ancestor::div[contains(@class,"border-gray-200 rounded-xl")] //label[.//span[normalize-space(.)="Number"]]/following-sibling::p[contains(@class,"field-error-message") and normalize-space(.)="Required"]' is displayed.</msg>
<arg>${REQUIRED_NUMBER_PASSPORT}</arg>
<doc>Verifies that the element identified by ``locator`` is visible.</doc>
<status status="PASS" start="2026-07-23T15:31:39.004879" elapsed="0.007440"/>
</kw>
<status status="PASS" start="2026-07-23T15:31:38.914706" elapsed="0.097689"/>
</kw>
<kw name="Wait And Select Ant Dropdown" owner="resourses">
<kw name="Wait Until Element Is Visible" owner="SeleniumLibrary">
<arg>${locator}</arg>
<doc>Waits until the element ``locator`` is visible.</doc>
<status status="PASS" start="2026-07-23T15:31:39.012852" elapsed="0.009226"/>
</kw>
<kw name="Wait Until Element Is Enabled" owner="SeleniumLibrary">
<arg>${locator}</arg>
<doc>Waits until the element ``locator`` is enabled.</doc>
<status status="PASS" start="2026-07-23T15:31:39.022215" elapsed="0.009571"/>
</kw>
<kw name="Scroll Element Into View" owner="SeleniumLibrary">
<arg>${locator}</arg>
<doc>Scrolls the element identified by ``locator`` into view.</doc>
<status status="PASS" start="2026-07-23T15:31:39.031921" elapsed="0.267726"/>
</kw>
<kw name="Click Element" owner="SeleniumLibrary">
<msg time="2026-07-23T15:31:39.300296" level="INFO">Clicking element 'xpath=//h3[normalize-space(.)="Passport"]/ancestor::div[contains(@class,"border-gray-200 rounded-xl")] //label[.//span[normalize-space(.)="Type"]]/preceding-sibling::div[contains(@class,"ant-select")]//div[contains(@class,"ant-select-selector")]'.</msg>
<arg>${locator}</arg>
<doc>Click the element identified by ``locator``.</doc>
<status status="PASS" start="2026-07-23T15:31:39.299906" elapsed="0.034498"/>
</kw>
<kw name="Wait Until Element Is Visible" owner="SeleniumLibrary">
<arg>xpath=//div[contains(@class,'ant-select-dropdown') and not(contains(@class,'ant-select-dropdown-hidden'))]</arg>
<doc>Waits until the element ``locator`` is visible.</doc>
<status status="PASS" start="2026-07-23T15:31:39.334561" elapsed="0.216544"/>
</kw>
<kw name="Click Element" owner="SeleniumLibrary">
<msg time="2026-07-23T15:31:39.551477" level="INFO">Clicking element 'xpath=(//div[contains(@class,'ant-select-dropdown') and not(contains(@class,'ant-select-dropdown-hidden'))]//div[contains(@class,'ant-select-item-option') and @title='Original'])[last()]'.</msg>
<arg>xpath=(//div[contains(@class,'ant-select-dropdown') and not(contains(@class,'ant-select-dropdown-hidden'))]//div[contains(@class,'ant-select-item-option') and @title='${option}'])[last()]</arg>
<doc>Click the element identified by ``locator``.</doc>
<status status="PASS" start="2026-07-23T15:31:39.551246" elapsed="0.039276"/>
</kw>
<arg>${PASSPORT_TYPE}</arg>
<arg>Original</arg>
<status status="PASS" start="2026-07-23T15:31:39.012593" elapsed="0.578027"/>
</kw>
<kw name="Element Should Not Be Visible" owner="SeleniumLibrary">
<msg time="2026-07-23T15:31:39.595182" level="INFO">Element 'xpath=//h3[normalize-space(.)="Passport"]/ancestor::div[contains(@class,"border-gray-200 rounded-xl")] //label[.//span[normalize-space(.)="Type"]]/following-sibling::p[contains(@class,"field-error-message") and normalize-space(.)="Required"]' did not exist.</msg>
<arg>${REQUIRED_TYPE_PASSPORT}</arg>
<doc>Verifies that the element identified by ``locator`` is NOT visible.</doc>
<status status="PASS" start="2026-07-23T15:31:39.590791" elapsed="0.004471"/>
</kw>
<kw name="Wait And Select Ant Dropdown" owner="resourses">
<kw name="Wait Until Element Is Visible" owner="SeleniumLibrary">
<arg>${locator}</arg>
<doc>Waits until the element ``locator`` is visible.</doc>
<status status="PASS" start="2026-07-23T15:31:39.595773" elapsed="0.009055"/>
</kw>
<kw name="Wait Until Element Is Enabled" owner="SeleniumLibrary">
<arg>${locator}</arg>
<doc>Waits until the element ``locator`` is enabled.</doc>
<status status="PASS" start="2026-07-23T15:31:39.604967" elapsed="0.010097"/>
</kw>
<kw name="Scroll Element Into View" owner="SeleniumLibrary">
<arg>${locator}</arg>
<doc>Scrolls the element identified by ``locator`` into view.</doc>
<status status="PASS" start="2026-07-23T15:31:39.615202" elapsed="0.261634"/>
</kw>
<kw name="Click Element" owner="SeleniumLibrary">
<msg time="2026-07-23T15:31:39.877505" level="INFO">Clicking element 'xpath=//label[.//span[normalize-space(.)="Country"]]/preceding-sibling::div[contains(@class,"ant-select")]//div[contains(@class,"ant-select-selector")]'.</msg>
<arg>${locator}</arg>
<doc>Click the element identified by ``locator``.</doc>
<status status="PASS" start="2026-07-23T15:31:39.877101" elapsed="0.039593"/>
</kw>
<kw name="Wait Until Element Is Visible" owner="SeleniumLibrary">
<arg>xpath=//div[contains(@class,'ant-select-dropdown') and not(contains(@class,'ant-select-dropdown-hidden'))]</arg>
<doc>Waits until the element ``locator`` is visible.</doc>
<status status="PASS" start="2026-07-23T15:31:39.916855" elapsed="0.216102"/>
</kw>
<kw name="Click Element" owner="SeleniumLibrary">
<msg time="2026-07-23T15:31:40.133365" level="INFO">Clicking element 'xpath=(//div[contains(@class,'ant-select-dropdown') and not(contains(@class,'ant-select-dropdown-hidden'))]//div[contains(@class,'ant-select-item-option') and @title='Germany'])[last()]'.</msg>
<arg>xpath=(//div[contains(@class,'ant-select-dropdown') and not(contains(@class,'ant-select-dropdown-hidden'))]//div[contains(@class,'ant-select-item-option') and @title='${option}'])[last()]</arg>
<doc>Click the element identified by ``locator``.</doc>
<status status="PASS" start="2026-07-23T15:31:40.133128" elapsed="0.040130"/>
</kw>
<arg>${PASSPORT_COUNTRY}</arg>
<arg>Germany</arg>
<status status="PASS" start="2026-07-23T15:31:39.595489" elapsed="0.577869"/>
</kw>
<kw name="Element Should Not Be Visible" owner="SeleniumLibrary">
<msg time="2026-07-23T15:31:40.179489" level="INFO">Element 'xpath=//h3[normalize-space(.)="Passport"]/ancestor::div[contains(@class,"border-gray-200 rounded-xl")] //label[.//span[normalize-space(.)="Country"]]/following-sibling::p[contains(@class,"text-red-500") and normalize-space(.)="Required"]' did not exist.</msg>
<arg>${REQUIRED_COUNTRY_PASSPORT}</arg>
<doc>Verifies that the element identified by ``locator`` is NOT visible.</doc>
<status status="PASS" start="2026-07-23T15:31:40.173518" elapsed="0.006057"/>
</kw>
<kw name="Verify Input Text Must Not Contain Thai And Special Characters" owner="resourses">
<kw name="Wait Until Element Is Visible" owner="SeleniumLibrary">
<arg>${FIELD_LOCATOR}</arg>
<arg>timeout=10s</arg>
<doc>Waits until the element ``locator`` is visible.</doc>
<status status="PASS" start="2026-07-23T15:31:40.180127" elapsed="0.009210"/>
</kw>
<kw name="Input Text" owner="SeleniumLibrary">
<msg time="2026-07-23T15:31:40.189717" level="INFO">Typing text 'ทดสอบABC123!@#$%^&amp;*()' into text field 'name=passportNumber'.</msg>
<arg>${FIELD_LOCATOR}</arg>
<arg>${INPUT_VALUES}</arg>
<doc>Types the given ``text`` into the text field identified by ``locator``.</doc>
<status status="PASS" start="2026-07-23T15:31:40.189477" elapsed="0.093530"/>
</kw>
<kw name="Field Value Should Not Contain Special Characters" owner="resourses">
<kw name="Get Value" owner="SeleniumLibrary">
<msg time="2026-07-23T15:31:40.290377" level="INFO">${ACTUAL_VALUE} = ABC123</msg>
<var>${ACTUAL_VALUE}</var>
<arg>${FIELD_LOCATOR}</arg>
<doc>Returns the value attribute of the element identified by ``locator``.</doc>
<status status="PASS" start="2026-07-23T15:31:40.283726" elapsed="0.006688"/>
</kw>
<kw name="Should Not Match Regexp" owner="BuiltIn">
<arg>${ACTUAL_VALUE}</arg>
<arg>${SPECIAL_CHAR_PATTERN}</arg>
<arg>msg=Field ${FIELD_NAME} พบอักขระพิเศษหลงเหลือใน field ซึ่งไม่ควรเกิดขึ้น: ${ACTUAL_VALUE}</arg>
<doc>Fails if ``string`` matches ``pattern`` as a regular expression.</doc>
<status status="PASS" start="2026-07-23T15:31:40.290541" elapsed="0.000369"/>
</kw>
<kw name="Log" owner="BuiltIn">
<msg time="2026-07-23T15:31:40.291222" level="INFO">ค่าที่กรอกได้จริงในช่อง: ABC123</msg>
<arg>ค่าที่กรอกได้จริงในช่อง: ${ACTUAL_VALUE}</arg>
<doc>Logs the given message with the given level.</doc>
<status status="PASS" start="2026-07-23T15:31:40.291010" elapsed="0.000255"/>
</kw>
<arg>${FIELD_LOCATOR}</arg>
<arg>${INPUT_VALUES}</arg>
<arg>${EXPECTED_VALUE}</arg>
<arg>${FIELD_NAME}</arg>
<status status="PASS" start="2026-07-23T15:31:40.283264" elapsed="0.008063"/>
</kw>
<kw name="Field Value Should Not Contain Thai Characters" owner="resourses">
<kw name="Get Value" owner="SeleniumLibrary">
<msg time="2026-07-23T15:31:40.298867" level="INFO">${ACTUAL_VALUE} = ABC123</msg>
<var>${ACTUAL_VALUE}</var>
<arg>${FIELD_LOCATOR}</arg>
<doc>Returns the value attribute of the element identified by ``locator``.</doc>
<status status="PASS" start="2026-07-23T15:31:40.291750" elapsed="0.007154"/>
</kw>
<kw name="Should Not Match Regexp" owner="BuiltIn">
<arg>${ACTUAL_VALUE}</arg>
<arg>${THAI_CHAR_PATTERN}</arg>
<arg>msg=Field ${FIELD_NAME} พบภาษาไทยหลงเหลือใน field ซึ่งไม่ควรเกิดขึ้น: ${ACTUAL_VALUE}</arg>
<doc>Fails if ``string`` matches ``pattern`` as a regular expression.</doc>
<status status="PASS" start="2026-07-23T15:31:40.299029" elapsed="0.000369"/>
</kw>
<kw name="Log" owner="BuiltIn">
<msg time="2026-07-23T15:31:40.299720" level="INFO">ค่าที่กรอกได้จริงในช่อง: ABC123</msg>
<arg>ค่าที่กรอกได้จริงในช่อง: ${ACTUAL_VALUE}</arg>
<doc>Logs the given message with the given level.</doc>
<status status="PASS" start="2026-07-23T15:31:40.299505" elapsed="0.000259"/>
</kw>
<arg>${FIELD_LOCATOR}</arg>
<arg>${INPUT_VALUES}</arg>
<arg>${EXPECTED_VALUE}</arg>
<arg>${FIELD_NAME}</arg>
<status status="PASS" start="2026-07-23T15:31:40.291457" elapsed="0.008402"/>
</kw>
<kw name="Field Value Should Be Equal To Expected" owner="resourses">
<kw name="Get Value" owner="SeleniumLibrary">
<msg time="2026-07-23T15:31:40.306108" level="INFO">${ACTUAL_VALUE} = ABC123</msg>
<var>${ACTUAL_VALUE}</var>
<arg>${FIELD_LOCATOR}</arg>
<doc>Returns the value attribute of the element identified by ``locator``.</doc>
<status status="PASS" start="2026-07-23T15:31:40.300281" elapsed="0.005860"/>
</kw>
<kw name="Should Be Equal As Strings" owner="BuiltIn">
<arg>${ACTUAL_VALUE}</arg>
<arg>${EXPECTED_VALUE}</arg>
<arg>msg=Field ${FIELD_NAME} ค่าที่เหลือใน field ไม่ตรงกับที่คาดหวัง | Actual: ${ACTUAL_VALUE} | Expected: ${EXPECTED_VALUE}</arg>
<doc>Fails if objects are unequal after converting them to strings.</doc>
<status status="PASS" start="2026-07-23T15:31:40.306253" elapsed="0.000377"/>
</kw>
<arg>${FIELD_LOCATOR}</arg>
<arg>${INPUT_VALUES}</arg>
<arg>${EXPECTED_VALUE}</arg>
<arg>${FIELD_NAME}</arg>
<status status="PASS" start="2026-07-23T15:31:40.299986" elapsed="0.006739"/>
</kw>
<arg>${PASSPORT_NUMBER}</arg>
<arg>${INPUT_VALUE}</arg>
<arg>${EXPECTED_VALUE}</arg>
<arg>PassportNumber</arg>
<status status="PASS" start="2026-07-23T15:31:40.179810" elapsed="0.126974"/>
</kw>
<kw name="Element Should Not Be Visible" owner="SeleniumLibrary">
<msg time="2026-07-23T15:31:40.311818" level="INFO">Element 'xpath=//h3[normalize-space(.)="Passport"]/ancestor::div[contains(@class,"border-gray-200 rounded-xl")] //label[.//span[normalize-space(.)="Number"]]/following-sibling::p[contains(@class,"field-error-message") and normalize-space(.)="Required"]' did not exist.</msg>
<arg>${REQUIRED_NUMBER_PASSPORT}</arg>
<doc>Verifies that the element identified by ``locator`` is NOT visible.</doc>
<status status="PASS" start="2026-07-23T15:31:40.306942" elapsed="0.004951"/>
</kw>
<kw name="Click Button" owner="SeleniumLibrary">
<msg time="2026-07-23T15:31:40.312288" level="INFO">Clicking button 'xpath=//button[normalize-space()='Add Passport']'.</msg>
<arg>${ADD_PASSPORT_BTN}</arg>
<doc>Clicks the button identified by ``locator``.</doc>
<status status="PASS" start="2026-07-23T15:31:40.312064" elapsed="0.043055"/>
</kw>
<kw name="Check Record Added In Passport Section" owner="resourses">
<kw name="Wait Until Element Is Visible" owner="SeleniumLibrary">
<arg>//tr[.//div[normalize-space(.)='Original'] and .//div[normalize-space(.)='Germany'] and .//div[normalize-space(.)='ABC123']]</arg>
<doc>Waits until the element ``locator`` is visible.</doc>
<status status="PASS" start="2026-07-23T15:31:40.355550" elapsed="0.011315"/>
</kw>
<status status="PASS" start="2026-07-23T15:31:40.355339" elapsed="0.011623"/>
</kw>
<kw name="Choose File" owner="SeleniumLibrary">
<msg time="2026-07-23T15:31:40.367350" level="INFO">Sending /Applications/RobotFramework/PJ_Horses/Horses/Assets/Horse4.jpg to browser.</msg>
<arg>${Horse_Profile_Photo_PATH}</arg>
<arg>/Applications/RobotFramework/PJ_Horses/Horses/Assets/Horse4.jpg</arg>
<doc>Inputs the ``file_path`` into the file input field ``locator``.</doc>
<status status="PASS" start="2026-07-23T15:31:40.367116" elapsed="0.022680"/>
</kw>
<kw name="Wait Until Element Is Visible" owner="SeleniumLibrary">
<msg time="2026-07-23T15:31:40.680493" level="INFO" html="true">&lt;/td&gt;&lt;/tr&gt;&lt;tr&gt;&lt;td colspan="3"&gt;&lt;a href="selenium-screenshot-7.png"&gt;&lt;img src="selenium-screenshot-7.png" width="800px"&gt;&lt;/a&gt;</msg>
<msg time="2026-07-23T15:31:40.680733" level="FAIL">InvalidSelectorException: Message: invalid selector: Unable to locate an element with the xpath expression //h3[normalize-space(.)="Horse Profile Photo"]/parents::div//button[.//svg[contains(@class,"tabler-icon-trash")]] because of the following error:
SyntaxError: Failed to execute 'evaluate' on 'Document': The string '//h3[normalize-space(.)="Horse Profile Photo"]/parents::div//button[.//svg[contains(@class,"tabler-icon-trash")]]' is not a valid XPath expression.
  (Session info: chrome=150.0.7871.181); For documentation on this error, please visit: https://www.selenium.dev/documentation/webdriver/troubleshooting/errors#invalidselectorexception
Stacktrace:
0   chromedriver                        0x000000010f6c66fa chromedriver + 7001850
1   chromedriver                        0x000000010f08e365 chromedriver + 480101
2   chromedriver                        0x000000010f0953bb chromedriver + 508859
3   chromedriver                        0x000000010f097c86 chromedriver + 519302
4   chromedriver                        0x000000010f097d53 chromedriver + 519507
5   chromedriver                        0x000000010f0e2c90 chromedriver + 826512
6   chromedriver                        0x000000010f0e36b1 chromedriver + 829105
7   chromedriver                        0x000000010f12fab1 chromedriver + 1141425
8   chromedriver                        0x000000010f12cbdf chromedriver + 1129439
9   chromedriver                        0x000000010f0d6944 chromedriver + 776516
10  chromedriver                        0x000000010f0d7711 chromedriver + 780049
11  chromedriver                        0x000000010f686097 chromedriver + 6738071
12  chromedriver                        0x000000010f68a596 chromedriver + 6755734
13  chromedriver                        0x000000010f666b14 chromedriver + 6609684
14  chromedriver                        0x000000010f68b012 chromedriver + 6758418
15  chromedriver                        0x000000010f6567f0 chromedriver + 6543344
16  chromedriver                        0x000000010f6b27a8 chromedriver + 6920104
17  chromedriver                        0x000000010f6b293c chromedriver + 6920508
18  chromedriver                        0x000000010f6c6311 chromedriver + 7000849
19  libsystem_pthread.dylib             0x00007ff8171cdd49 _pthread_start + 115
20  libsystem_pthread.dylib             0x00007ff8171c982f thread_start + 15
</msg>
<arg>${DELETE_Horse_Profile_Photo_BTN}</arg>
<arg>timeout=10s</arg>
<doc>Waits until the element ``locator`` is visible.</doc>
<status status="FAIL" start="2026-07-23T15:31:40.389991" elapsed="0.293643">InvalidSelectorException: Message: invalid selector: Unable to locate an element with the xpath expression //h3[normalize-space(.)="Horse Profile Photo"]/parents::div//button[.//svg[contains(@class,"tabler-icon-trash")]] because of the following error:
SyntaxError: Failed to execute 'evaluate' on 'Document': The string '//h3[normalize-space(.)="Horse Profile Photo"]/parents::div//button[.//svg[contains(@class,"tabler-icon-trash")]]' is not a valid XPath expression.
  (Session info: chrome=150.0.7871.181); For documentation on this error, please visit: https://www.selenium.dev/documentation/webdriver/troubleshooting/errors#invalidselectorexception
Stacktrace:
0   chromedriver                        0x000000010f6c66fa chromedriver + 7001850
1   chromedriver                        0x000000010f08e365 chromedriver + 480101
2   chromedriver                        0x000000010f0953bb chromedriver + 508859
3   chromedriver                        0x000000010f097c86 chromedriver + 519302
4   chromedriver                        0x000000010f097d53 chromedriver + 5...
    [ Message content over the limit has been removed. ]
...hromedriver                        0x000000010f0d7711 chromedriver + 780049
11  chromedriver                        0x000000010f686097 chromedriver + 6738071
12  chromedriver                        0x000000010f68a596 chromedriver + 6755734
13  chromedriver                        0x000000010f666b14 chromedriver + 6609684
14  chromedriver                        0x000000010f68b012 chromedriver + 6758418
15  chromedriver                        0x000000010f6567f0 chromedriver + 6543344
16  chromedriver                        0x000000010f6b27a8 chromedriver + 6920104
17  chromedriver                        0x000000010f6b293c chromedriver + 6920508
18  chromedriver                        0x000000010f6c6311 chromedriver + 7000849
19  libsystem_pthread.dylib             0x00007ff8171cdd49 _pthread_start + 115
20  libsystem_pthread.dylib             0x00007ff8171c982f thread_start + 15</status>
</kw>
<kw name="Scroll Element Into View" owner="SeleniumLibrary">
<arg>${SAVE_BTN}</arg>
<doc>Scrolls the element identified by ``locator`` into view.</doc>
<status status="PASS" start="2026-07-23T15:31:40.683822" elapsed="0.278685"/>
</kw>
<kw name="Wait Until Element Is Visible" owner="SeleniumLibrary">
<msg time="2026-07-23T15:31:51.329879" level="INFO" html="true">&lt;/td&gt;&lt;/tr&gt;&lt;tr&gt;&lt;td colspan="3"&gt;&lt;a href="selenium-screenshot-8.png"&gt;&lt;img src="selenium-screenshot-8.png" width="800px"&gt;&lt;/a&gt;</msg>
<msg time="2026-07-23T15:31:51.330008" level="FAIL">Element 'xpath=//h3[normalize-space(.)="Upload file (Passport/Pre-purchase report)"]/parent::div[contains(@class,"flex-col")]//input[@type='file']' not visible after 10 seconds.</msg>
<arg>${Horse_Passport_Photo_PATH}</arg>
<arg>timeout=10s</arg>
<doc>Waits until the element ``locator`` is visible.</doc>
<status status="FAIL" start="2026-07-23T15:31:40.962843" elapsed="10.367892">Element 'xpath=//h3[normalize-space(.)="Upload file (Passport/Pre-purchase report)"]/parent::div[contains(@class,"flex-col")]//input[@type='file']' not visible after 10 seconds.</status>
</kw>
<kw name="Choose File" owner="SeleniumLibrary">
<msg time="2026-07-23T15:31:51.331124" level="INFO">Sending /Applications/RobotFramework/PJ_Horses/Horses/Assets/passport.jpg to browser.</msg>
<arg>${Horse_Passport_Photo_PATH}</arg>
<arg>/Applications/RobotFramework/PJ_Horses/Horses/Assets/passport.jpg</arg>
<doc>Inputs the ``file_path`` into the file input field ``locator``.</doc>
<status status="PASS" start="2026-07-23T15:31:51.330914" elapsed="0.014680"/>
</kw>
<kw name="Wait Until Element Is Visible" owner="SeleniumLibrary">
<arg>${HORSE_PASSPORT_RECORD_PATH}</arg>
<arg>timeout=10s</arg>
<doc>Waits until the element ``locator`` is visible.</doc>
<status status="PASS" start="2026-07-23T15:31:51.345803" elapsed="0.217815"/>
</kw>
<kw name="Wait And Input" owner="resourses">
<kw name="Wait Until Element Is Visible" owner="SeleniumLibrary">
<arg>${locator}</arg>
<doc>Waits until the element ``locator`` is visible.</doc>
<status status="PASS" start="2026-07-23T15:31:51.564121" elapsed="0.009260"/>
</kw>
<kw name="Wait Until Element Is Enabled" owner="SeleniumLibrary">
<arg>${locator}</arg>
<doc>Waits until the element ``locator`` is enabled.</doc>
<status status="PASS" start="2026-07-23T15:31:51.573518" elapsed="0.009070"/>
</kw>
<kw name="Scroll Element Into View" owner="SeleniumLibrary">
<arg>${locator}</arg>
<doc>Scrolls the element identified by ``locator`` into view.</doc>
<status status="PASS" start="2026-07-23T15:31:51.582708" elapsed="0.266780"/>
</kw>
<kw name="Click Element" owner="SeleniumLibrary">
<msg time="2026-07-23T15:31:51.850141" level="INFO">Clicking element 'name=remarks'.</msg>
<arg>${locator}</arg>
<doc>Click the element identified by ``locator``.</doc>
<status status="PASS" start="2026-07-23T15:31:51.849745" elapsed="0.032143"/>
</kw>
<kw name="Input Text" owner="SeleniumLibrary">
<msg time="2026-07-23T15:31:51.882284" level="INFO">Typing text 'This is a test remark ทดสอบหมายเหตุ 1234!@#$#{}().' into text field 'name=remarks'.</msg>
<arg>${locator}</arg>
<arg>${text}</arg>
<doc>Types the given ``text`` into the text field identified by ``locator``.</doc>
<status status="PASS" start="2026-07-23T15:31:51.882037" elapsed="0.358382"/>
</kw>
<arg>${REMARK}</arg>
<arg>This is a test remark ทดสอบหมายเหตุ 1234!@#$#{}().</arg>
<status status="PASS" start="2026-07-23T15:31:51.563848" elapsed="0.676677"/>
</kw>
<kw name="Sleep" owner="BuiltIn">
<msg time="2026-07-23T15:31:55.247629" level="INFO">Slept 3 seconds.</msg>
<arg>3s</arg>
<doc>Pauses the test executed for the given time.</doc>
<status status="PASS" start="2026-07-23T15:31:52.246462" elapsed="3.001336"/>
</kw>
<kw name="Click Button" owner="SeleniumLibrary">
<msg time="2026-07-23T15:31:55.248536" level="INFO">Clicking button 'xpath=//button[normalize-space(.)='Save']'.</msg>
<arg>${SAVE_BTN}</arg>
<doc>Clicks the button identified by ``locator``.</doc>
<status status="PASS" start="2026-07-23T15:31:55.248136" elapsed="0.045906"/>
</kw>
<tag>robot:continue-on-failure</tag>
<status status="FAIL" start="2026-07-23T15:31:30.141627" elapsed="25.152702">Several failures occurred:

1) InvalidSelectorException: Message: invalid selector: Unable to locate an element with the xpath expression //h3[normalize-space(.)="Horse Profile Photo"]/parents::div//button[.//svg[contains(@class,"tabler-icon-trash")]] because of the following error:
SyntaxError: Failed to execute 'evaluate' on 'Document': The string '//h3[normalize-space(.)="Horse Profile Photo"]/parents::div//button[.//svg[contains(@class,"tabler-icon-trash")]]' is not a valid XPath expression.
  (Session info: chrome=150.0.7871.181); For documentation on this error, please visit: https://www.selenium.dev/documentation/webdriver/troubleshooting/errors#invalidselectorexception
Stacktrace:
0   chromedriver                        0x000000010f6c66fa chromedriver + 7001850
1   chromedriver                        0x000000010f08e365 chromedriver + 480101
2   chromedriver                        0x000000010f0953bb chromedriver + 508859
3   chromedriver                        0x000000010f097c86 chromedriver + 5...
    [ Message content over the limit has been removed. ]
...romedriver                        0x000000010f68a596 chromedriver + 6755734
13  chromedriver                        0x000000010f666b14 chromedriver + 6609684
14  chromedriver                        0x000000010f68b012 chromedriver + 6758418
15  chromedriver                        0x000000010f6567f0 chromedriver + 6543344
16  chromedriver                        0x000000010f6b27a8 chromedriver + 6920104
17  chromedriver                        0x000000010f6b293c chromedriver + 6920508
18  chromedriver                        0x000000010f6c6311 chromedriver + 7000849
19  libsystem_pthread.dylib             0x00007ff8171cdd49 _pthread_start + 115
20  libsystem_pthread.dylib             0x00007ff8171c982f thread_start + 15

2) Element 'xpath=//h3[normalize-space(.)="Upload file (Passport/Pre-purchase report)"]/parent::div[contains(@class,"flex-col")]//input[@type='file']' not visible after 10 seconds.</status>
</test>
<status status="FAIL" start="2026-07-23T15:31:29.899046" elapsed="25.395741"/>
</suite>
<statistics>
<total>
<stat pass="0" fail="1" skip="0">All Tests</stat>
</total>
<tag>
</tag>
<suite>
<stat name="Horse" id="s1" pass="0" fail="1" skip="0">Horse</stat>
</suite>
</statistics>
<errors>
</errors>
</robot>
